<?xml version="1.0" encoding="UTF-8"?>
<robot generator="Robot 7.0 (Python 3.12.1 on win32)" generated="2024-01-26T18:26:09.978448" rpa="false" schemaversion="5">
<suite id="s1" name="Linx Testes" source="C:\Projetos\Robot\Linx\linx_testes.robot">
<test id="s1-t1" name="Caso de Teste 01 - Verificar Filiais e Segmentos" line="8">
<kw name="Abrir o navegador" owner="linx_resources" type="SETUP">
<kw name="Open Browser" owner="SeleniumLibrary">
<msg time="2024-01-26T18:26:10.198980" level="INFO">Opening browser 'chrome' to base url 'None'.</msg>
<arg>browser=chrome</arg>
<doc>Opens a new browser instance to the optional ``url``.</doc>
<status status="PASS" start="2024-01-26T18:26:10.198980" elapsed="2.327882"/>
</kw>
<kw name="Maximize Browser Window" owner="SeleniumLibrary">
<doc>Maximizes current browser window.</doc>
<status status="PASS" start="2024-01-26T18:26:12.526862" elapsed="0.120004"/>
</kw>
<status status="PASS" start="2024-01-26T18:26:10.197948" elapsed="2.449915"/>
</kw>
<kw name="Dado que o usuário esteja na página home page da Linx.com.br" owner="linx_resources">
<kw name="Go To" owner="SeleniumLibrary">
<msg time="2024-01-26T18:26:12.648863" level="INFO">Opening url 'https://linx.com.br'</msg>
<arg>url=${url}</arg>
<doc>Navigates the current browser window to the provided ``url``.</doc>
<status status="PASS" start="2024-01-26T18:26:12.648863" elapsed="18.231605"/>
</kw>
<status status="PASS" start="2024-01-26T18:26:12.647863" elapsed="18.232605"/>
</kw>
<kw name="Quando ele clicar no menu &quot;Institucional&quot;" owner="linx_resources">
<kw name="Click Element" owner="SeleniumLibrary">
<msg time="2024-01-26T18:26:30.897463" level="INFO">Clicking element '(//a[contains(@data-menu-link,'institutional')])[1]'.</msg>
<arg>locator=${menuInstitucional}</arg>
<doc>Click the element identified by ``locator``.</doc>
<status status="PASS" start="2024-01-26T18:26:30.897463" elapsed="0.248016"/>
</kw>
<status status="PASS" start="2024-01-26T18:26:30.896461" elapsed="0.250005"/>
</kw>
<kw name="E Quando ele clicar no submenu &quot;Matriz e Filiais&quot;" owner="linx_resources">
<kw name="Click Element" owner="SeleniumLibrary">
<msg time="2024-01-26T18:26:31.149463" level="INFO">Clicking element '(//a[@href='/matriz-e-filiais/'][contains(.,'Matriz e filiais')])[1]'.</msg>
<arg>locator=${submenuMatrizeFiliais}</arg>
<doc>Click the element identified by ``locator``.</doc>
<status status="PASS" start="2024-01-26T18:26:31.149463" elapsed="5.625082"/>
</kw>
<status status="PASS" start="2024-01-26T18:26:31.148463" elapsed="5.627086"/>
</kw>
<kw name="Então verificar se a filial Cascavel/PR existe" owner="linx_resources">
<kw name="Wait Until Page Contains" owner="SeleniumLibrary">
<arg>text=${filialCascavelPR}</arg>
<doc>Waits until ``text`` appears on the current page.</doc>
<status status="PASS" start="2024-01-26T18:26:36.779548" elapsed="0.024996"/>
</kw>
<status status="PASS" start="2024-01-26T18:26:36.779548" elapsed="0.024996"/>
</kw>
<kw name="E Então verificar se a filial Aparecida de Goiania/GO NÃO existe" owner="linx_resources">
<kw name="Wait Until Page Does Not Contain" owner="SeleniumLibrary">
<arg>text=${filialAparecidadeGoianiaGO}</arg>
<doc>Waits until ``text`` disappears from the current page.</doc>
<status status="PASS" start="2024-01-26T18:26:36.805573" elapsed="0.029980"/>
</kw>
<status status="PASS" start="2024-01-26T18:26:36.805573" elapsed="0.029980"/>
</kw>
<kw name="Quando ele retornar a página home page da Linx.com.br" owner="linx_resources">
<kw name="Click Element" owner="SeleniumLibrary">
<msg time="2024-01-26T18:26:36.842546" level="INFO">Clicking element '(//a[@class='o-header_link'])[1]'.</msg>
<arg>locator=${linkHomePage}</arg>
<doc>Click the element identified by ``locator``.</doc>
<status status="PASS" start="2024-01-26T18:26:36.841549" elapsed="2.909480"/>
</kw>
<status status="PASS" start="2024-01-26T18:26:36.840580" elapsed="2.910449"/>
</kw>
<kw name="Quando ele clicar no menu &quot;Institucional&quot;" owner="linx_resources">
<kw name="Click Element" owner="SeleniumLibrary">
<msg time="2024-01-26T18:26:39.752023" level="INFO">Clicking element '(//a[contains(@data-menu-link,'institutional')])[1]'.</msg>
<arg>locator=${menuInstitucional}</arg>
<doc>Click the element identified by ``locator``.</doc>
<status status="PASS" start="2024-01-26T18:26:39.752023" elapsed="0.154003"/>
</kw>
<status status="PASS" start="2024-01-26T18:26:39.751029" elapsed="0.154997"/>
</kw>
<kw name="E Quando ele clicar no submenu &quot;Carreira Linx&quot;" owner="linx_resources">
<kw name="Click Element" owner="SeleniumLibrary">
<msg time="2024-01-26T18:26:39.908027" level="INFO">Clicking element '(//a[@href='/carreira-linx/'][contains(.,'Carreira Linx')])[1]'.</msg>
<arg>locator=${submenuCarreiraLinx}</arg>
<doc>Click the element identified by ``locator``.</doc>
<status status="PASS" start="2024-01-26T18:26:39.907024" elapsed="3.562433"/>
</kw>
<status status="PASS" start="2024-01-26T18:26:39.907024" elapsed="3.562433"/>
</kw>
<kw name="Então filtrar pelo segmento &quot;Linx - Tecnologia e Produto&quot;" owner="linx_resources">
<kw name="Click Element" owner="SeleniumLibrary">
<msg time="2024-01-26T18:26:43.472457" level="INFO">Clicking element '(//option[@value='Linx - Tecnologia e Produto'][contains(.,'Linx - Tecnologia e Produto')])[1]'.</msg>
<arg>locator=${CarreiraTecnologiaeProduto}</arg>
<doc>Click the element identified by ``locator``.</doc>
<status status="PASS" start="2024-01-26T18:26:43.472457" elapsed="0.121003"/>
</kw>
<status status="PASS" start="2024-01-26T18:26:43.471478" elapsed="0.121982"/>
</kw>
<kw name="E Então verificar se o segmento &quot;Linx - Suporte&quot; NÃO existe" owner="linx_resources">
<kw name="Wait Until Page Does Not Contain Element" owner="SeleniumLibrary">
<arg>locator=${segmentoLinuxSuporte}</arg>
<doc>Waits until the element ``locator`` disappears from the current page.</doc>
<status status="PASS" start="2024-01-26T18:26:43.594457" elapsed="0.025000"/>
</kw>
<status status="PASS" start="2024-01-26T18:26:43.594457" elapsed="0.025000"/>
</kw>
<kw name="E Então verificar se filtrou o segmento selecionado" owner="linx_resources">
<kw name="Wait Until Page Contains" owner="SeleniumLibrary">
<arg>text=${segmentoTecnologiaeProduto}</arg>
<doc>Waits until ``text`` appears on the current page.</doc>
<status status="PASS" start="2024-01-26T18:26:43.620458" elapsed="0.013996"/>
</kw>
<status status="PASS" start="2024-01-26T18:26:43.620458" elapsed="0.014995"/>
</kw>
<kw name="Fechar o navegador" owner="linx_resources" type="TEARDOWN">
<kw name="Capture Page Screenshot" owner="SeleniumLibrary">
<msg time="2024-01-26T18:26:43.950459" level="INFO" html="true">&lt;/td&gt;&lt;/tr&gt;&lt;tr&gt;&lt;td colspan="3"&gt;&lt;a href="selenium-screenshot-3.png"&gt;&lt;img src="selenium-screenshot-3.png" width="800px"&gt;&lt;/a&gt;</msg>
<doc>Takes a screenshot of the current page and embeds it into a log file.</doc>
<status status="PASS" start="2024-01-26T18:26:43.635453" elapsed="0.316006"/>
</kw>
<status status="PASS" start="2024-01-26T18:26:43.635453" elapsed="0.316006"/>
</kw>
<tag>Filiais e Segmentos</tag>
<status status="PASS" start="2024-01-26T18:26:10.196950" elapsed="33.754509"/>
</test>
<status status="PASS" start="2024-01-26T18:26:09.980446" elapsed="33.972012"/>
</suite>
<statistics>
<total>
<stat pass="1" fail="0" skip="0">All Tests</stat>
</total>
<tag>
<stat pass="1" fail="0" skip="0">Filiais e Segmentos</stat>
</tag>
<suite>
<stat pass="1" fail="0" skip="0" id="s1" name="Linx Testes">Linx Testes</stat>
</suite>
</statistics>
<errors>
</errors>
</robot>
